<?xml version="1.0" encoding="UTF-8"?>
<testng-results skipped="0" failed="0" ignored="0" total="2" passed="2">
  <reporter-output>
  </reporter-output>
  <suite name="Suite" duration-ms="328038" started-at="2020-10-11T14:17:30 IST" finished-at="2020-10-11T14:22:58 IST">
    <groups>
    </groups>
    <test name="Test" duration-ms="328038" started-at="2020-10-11T14:17:30 IST" finished-at="2020-10-11T14:22:58 IST">
      <class name="testScripts.ChangeTheDate">
        <test-method status="PASS" signature="openapp()[pri:0, instance:testScripts.ChangeTheDate@394e1a0f]" name="openapp" is-config="true" duration-ms="117497" started-at="2020-10-11T14:17:31 IST" finished-at="2020-10-11T14:19:28 IST">
          <reporter-output>
          </reporter-output>
        </test-method> <!-- openapp -->
        <test-method status="PASS" signature="test1()[pri:0, instance:testScripts.ChangeTheDate@394e1a0f]" name="test1" duration-ms="51868" started-at="2020-10-11T14:19:28 IST" finished-at="2020-10-11T14:20:20 IST">
          <reporter-output>
          </reporter-output>
        </test-method> <!-- test1 -->
      </class> <!-- testScripts.ChangeTheDate -->
      <class name="testScripts.DefaultSettingValue">
        <test-method status="PASS" signature="openapp()[pri:0, instance:testScripts.DefaultSettingValue@27a5f880]" name="openapp" is-config="true" duration-ms="119346" started-at="2020-10-11T14:20:20 IST" finished-at="2020-10-11T14:22:19 IST">
          <reporter-output>
          </reporter-output>
        </test-method> <!-- openapp -->
        <test-method status="PASS" signature="settingvalue()[pri:0, instance:testScripts.DefaultSettingValue@27a5f880]" name="settingvalue" duration-ms="38997" started-at="2020-10-11T14:22:19 IST" finished-at="2020-10-11T14:22:58 IST">
          <reporter-output>
          </reporter-output>
        </test-method> <!-- settingvalue -->
      </class> <!-- testScripts.DefaultSettingValue -->
    </test> <!-- Test -->
  </suite> <!-- Suite -->
</testng-results>
